<?xml version="1.0" encoding="UTF-8"?>
<!-- Generated by org.testng.reporters.JUnitReportReporter -->
<testsuite hostname="DESKTOP-JU7A1F4" name="driverFactory.POMDriverScript" tests="1" failures="0" timestamp="2 Sep 2022 14:27:52 GMT" time="0.000" errors="1">
  <testcase name="validateEmp" time="0.000" classname="driverFactory.POMDriverScript">
    <error type="org.openqa.selenium.SessionNotCreatedException" message="session not created: This version of ChromeDriver only supports Chrome version 103
Current browser version is 105.0.5195.53 with binary path C:\Program Files\Google\Chrome\Application\chrome.exe
Build info: version: &#039;3.14.0&#039;, revision: &#039;aacccce0&#039;, time: &#039;2018-08-02T20:13:22.693Z&#039;
System info: host: &#039;DESKTOP-JU7A1F4&#039;, ip: &#039;192.168.29.217&#039;, os.name: &#039;Windows 10&#039;, os.arch: &#039;amd64&#039;, os.version: &#039;10.0&#039;, java.version: &#039;1.8.0_121&#039;
Driver info: driver.version: ChromeDriver
remote stacktrace: Backtrace:
	Ordinal0 [0x00EB6463+2188387]
	Ordinal0 [0x00E4E461+1762401]
	Ordinal0 [0x00D63D78+802168]
	Ordinal0 [0x00D84E59+937561]
	Ordinal0 [0x00D80A6C+920172]
	Ordinal0 [0x00D7E331+910129]
	Ordinal0 [0x00DB1430+1119280]
	Ordinal0 [0x00DB108A+1118346]
	Ordinal0 [0x00DAC5F6+1099254]
	Ordinal0 [0x00D86BE0+945120]
	Ordinal0 [0x00D87AD6+948950]
	GetHandleVerifier [0x011571F2+2712546]
	GetHandleVerifier [0x0114886D+2652765]
	GetHandleVerifier [0x00F4002A+520730]
	GetHandleVerifier [0x00F3EE06+516086]
	Ordinal0 [0x00E5468B+1787531]
	Ordinal0 [0x00E58E88+1805960]
	Ordinal0 [0x00E58F75+1806197]
	Ordinal0 [0x00E61DF1+1842673]
	BaseThreadInitThunk [0x772BFA29+25]
	RtlGetAppContainerNamedObjectPath [0x77C77A9E+286]
	RtlGetAppContainerNamedObjectPath [0x77C77A6E+238]
">
      <![CDATA[org.openqa.selenium.SessionNotCreatedException: session not created: This version of ChromeDriver only supports Chrome version 103
Current browser version is 105.0.5195.53 with binary path C:\Program Files\Google\Chrome\Application\chrome.exe
Build info: version: '3.14.0', revision: 'aacccce0', time: '2018-08-02T20:13:22.693Z'
System info: host: 'DESKTOP-JU7A1F4', ip: '192.168.29.217', os.name: 'Windows 10', os.arch: 'amd64', os.version: '10.0', java.version: '1.8.0_121'
Driver info: driver.version: ChromeDriver
remote stacktrace: Backtrace:
	Ordinal0 [0x00EB6463+2188387]
	Ordinal0 [0x00E4E461+1762401]
	Ordinal0 [0x00D63D78+802168]
	Ordinal0 [0x00D84E59+937561]
	Ordinal0 [0x00D80A6C+920172]
	Ordinal0 [0x00D7E331+910129]
	Ordinal0 [0x00DB1430+1119280]
	Ordinal0 [0x00DB108A+1118346]
	Ordinal0 [0x00DAC5F6+1099254]
	Ordinal0 [0x00D86BE0+945120]
	Ordinal0 [0x00D87AD6+948950]
	GetHandleVerifier [0x011571F2+2712546]
	GetHandleVerifier [0x0114886D+2652765]
	GetHandleVerifier [0x00F4002A+520730]
	GetHandleVerifier [0x00F3EE06+516086]
	Ordinal0 [0x00E5468B+1787531]
	Ordinal0 [0x00E58E88+1805960]
	Ordinal0 [0x00E58F75+1806197]
	Ordinal0 [0x00E61DF1+1842673]
	BaseThreadInitThunk [0x772BFA29+25]
	RtlGetAppContainerNamedObjectPath [0x77C77A9E+286]
	RtlGetAppContainerNamedObjectPath [0x77C77A6E+238]

	at sun.reflect.NativeConstructorAccessorImpl.newInstance0(Native Method)
	at sun.reflect.NativeConstructorAccessorImpl.newInstance(Unknown Source)
	at sun.reflect.DelegatingConstructorAccessorImpl.newInstance(Unknown Source)
	at java.lang.reflect.Constructor.newInstance(Unknown Source)
	at org.openqa.selenium.remote.W3CHandshakeResponse.lambda$new$0(W3CHandshakeResponse.java:57)
	at org.openqa.selenium.remote.W3CHandshakeResponse.lambda$getResponseFunction$2(W3CHandshakeResponse.java:104)
	at org.openqa.selenium.remote.ProtocolHandshake.lambda$createSession$0(ProtocolHandshake.java:122)
	at java.util.stream.ReferencePipeline$3$1.accept(Unknown Source)
	at java.util.Spliterators$ArraySpliterator.tryAdvance(Unknown Source)
	at java.util.stream.ReferencePipeline.forEachWithCancel(Unknown Source)
	at java.util.stream.AbstractPipeline.copyIntoWithCancel(Unknown Source)
	at java.util.stream.AbstractPipeline.copyInto(Unknown Source)
	at java.util.stream.AbstractPipeline.wrapAndCopyInto(Unknown Source)
	at java.util.stream.FindOps$FindOp.evaluateSequential(Unknown Source)
	at java.util.stream.AbstractPipeline.evaluate(Unknown Source)
	at java.util.stream.ReferencePipeline.findFirst(Unknown Source)
	at org.openqa.selenium.remote.ProtocolHandshake.createSession(ProtocolHandshake.java:125)
	at org.openqa.selenium.remote.ProtocolHandshake.createSession(ProtocolHandshake.java:73)
	at org.openqa.selenium.remote.HttpCommandExecutor.execute(HttpCommandExecutor.java:136)
	at org.openqa.selenium.remote.service.DriverCommandExecutor.execute(DriverCommandExecutor.java:83)
	at org.openqa.selenium.remote.RemoteWebDriver.execute(RemoteWebDriver.java:548)
	at org.openqa.selenium.remote.RemoteWebDriver.startSession(RemoteWebDriver.java:212)
	at org.openqa.selenium.remote.RemoteWebDriver.<init>(RemoteWebDriver.java:130)
	at org.openqa.selenium.chrome.ChromeDriver.<init>(ChromeDriver.java:181)
	at org.openqa.selenium.chrome.ChromeDriver.<init>(ChromeDriver.java:168)
	at org.openqa.selenium.chrome.ChromeDriver.<init>(ChromeDriver.java:123)
	at driverFactory.POMDriverScript.setup(POMDriverScript.java:26)
	at sun.reflect.NativeMethodAccessorImpl.invoke0(Native Method)
	at sun.reflect.NativeMethodAccessorImpl.invoke(Unknown Source)
	at sun.reflect.DelegatingMethodAccessorImpl.invoke(Unknown Source)
	at java.lang.reflect.Method.invoke(Unknown Source)
	at org.testng.internal.MethodInvocationHelper.invokeMethod(MethodInvocationHelper.java:86)
	at org.testng.internal.Invoker.invokeConfigurationMethod(Invoker.java:515)
	at org.testng.internal.Invoker.invokeConfigurations(Invoker.java:216)
	at org.testng.internal.Invoker.invokeConfigurations(Invoker.java:143)
	at org.testng.SuiteRunner.privateRun(SuiteRunner.java:305)
	at org.testng.SuiteRunner.run(SuiteRunner.java:268)
	at org.testng.SuiteRunnerWorker.runSuite(SuiteRunnerWorker.java:52)
	at org.testng.SuiteRunnerWorker.run(SuiteRunnerWorker.java:86)
	at org.testng.TestNG.runSuitesSequentially(TestNG.java:1225)
	at org.testng.TestNG.runSuitesLocally(TestNG.java:1150)
	at org.testng.TestNG.runSuites(TestNG.java:1075)
	at org.testng.TestNG.run(TestNG.java:1047)
	at org.testng.remote.AbstractRemoteTestNG.run(AbstractRemoteTestNG.java:126)
	at org.testng.remote.RemoteTestNG.initAndRun(RemoteTestNG.java:137)
	at org.testng.remote.RemoteTestNG.main(RemoteTestNG.java:58)
]]>
    </error>
  </testcase> <!-- validateEmp -->
</testsuite> <!-- driverFactory.POMDriverScript -->
